dhrystone
IPC: 0.91
         L1        L2     cycles cycles_e
0      lost  bad_spec         58     58.0
1      lost     other         78     78.0
2  frontend    icache        204    204.0
3  frontend      core   28000027    28.0M
4   backend    dcache         20     20.0
5   backend      core    4000153     4.0M
6  retiring   integer  322000157   322.0M
7  retiring      simd          0      0.0

Performance Counters for 'dhrystone'
   class          counter     count count_e
  cycles           cycles 354000697  354.0M
     ret         ret_inst 322000157  322.0M
   stall           stalls  32000404   32.0M
    lost             lost       136   136.0
   ret_*          ret_int 322000157  322.0M
   ret_* ret_ctrl_flow_br  29000017   29.0M
   ret_*         ret_simd         0     0.0
 stall_*         stall_be   4000173    4.0M
 stall_*    stall_be_core   4000153    4.0M
 stall_*         stall_fe  28000231   28.0M
 stall_*    stall_fe_core  28000027   28.0M
 stall_*        stall_l1d        20    20.0
 stall_*        stall_l1i       204   204.0
bad_spec         bad_spec        58    58.0
   l1i_*          l1i_ref 322000277  322.0M
   l1i_*        l1i_hit # 322000235  322.0M
   l1i_*         l1i_miss        42    42.0
   l1d_*          l1d_ref 130000018  130.0M
   l1d_*        l1d_hit # 130000016  130.0M
   l1d_*         l1d_miss         2     2.0
    bp_*          bp_miss        35    35.0


core:
    Cycles: 354.0M, Retired: 322.0M, Empty: 32.0M, IPC: 0.910 
icache:
    Ref: 322.0M, H: 322.0M, M: 42.0, HR: 100.00%, MPKI: 0.00 
dcache:
    Ref: 130.0M, H: 130.0M, M: 2.0, HR: 100.00%, MPKI: 0.00 
bpred:
    P: 29.0M, M: 35.0, ACC: 100.00%, MPKI: 0.00 