mlp_w8a8
IPC: 0.878
         L1        L2  cycles cycles_e
0      lost  bad_spec      56     56.0
1      lost     other      53     53.0
2  frontend    icache     127    127.0
3  frontend      core      16     16.0
4   backend    dcache    2520     2.5k
5   backend      core     349    349.0
6  retiring   integer   16070    16.1k
7  retiring      simd    6304     6.3k

Performance Counters for 'mlp_w8a8'
   class          counter  count count_e
  cycles           cycles  25495   25.5k
     ret              ret  22374   22.4k
   stall           stalls   3012    3.0k
    lost             lost    109   109.0
   ret_*          ret_int  16070   16.1k
   ret_* ret_ctrl_flow_br   1172    1.2k
   ret_*         ret_simd   6304    6.3k
 stall_*         stall_be   2869    2.9k
 stall_*    stall_be_core    349   349.0
 stall_*         stall_fe    143   143.0
 stall_*    stall_fe_core     16    16.0
 stall_*        stall_l1d   2520    2.5k
 stall_*        stall_l1i    127   127.0
bad_spec         bad_spec     56    56.0
   l1i_*          l1i_ref  22459   22.5k
   l1i_*         l1i_miss     28    28.0
   l1d_*          l1d_ref  11281   11.3k
   l1d_*         l1d_miss    415   415.0
    bp_*          bp_miss     34    34.0


core:
    Cycles: 25.5k, Retired: 22.4k, Empty: 3.1k, IPC: 0.878 
icache:
    Ref: 22.5k, H: 22.4k, M: 28.0, HR: 99.88%, MPKI: 1.25 
dcache:
    Ref: 11.3k, H: 10.9k, M: 415.0, HR: 96.32%, MPKI: 18.55 
bpred:
    P: 1.1k, M: 34.0, ACC: 97.10%, MPKI: 1.52 