ustress_branch_indirect
IPC: 0.907
         L1        L2    cycles cycles_e
0      lost  bad_spec        19     19.0
1      lost     other        59     59.0
2  frontend    icache        33     33.0
3  frontend      core   2476373     2.5M
4   backend    dcache        24     24.0
5   backend      core   1238190     1.2M
6  retiring   integer  36104626    36.1M
7  retiring      simd         0      0.0

Performance Counters for 'ustress_branch_indirect'
   class          counter    count count_e
  cycles           cycles 39819324   39.8M
     ret              ret 36104626   36.1M
   stall           stalls  3714620    3.7M
    lost             lost       78    78.0
   ret_*          ret_int 36104626   36.1M
   ret_* ret_ctrl_flow_br   100015  100.0k
   ret_*         ret_simd        0     0.0
 stall_*         stall_be  1238214    1.2M
 stall_*    stall_be_core  1238190    1.2M
 stall_*         stall_fe  2476406    2.5M
 stall_*    stall_fe_core  2476373    2.5M
 stall_*        stall_l1d       24    24.0
 stall_*        stall_l1i       33    33.0
bad_spec         bad_spec       19    19.0
   l1i_*          l1i_ref 36104664   36.1M
   l1i_*         l1i_miss       11    11.0
   l1d_*          l1d_ref 17331853   17.3M
   l1d_*         l1d_miss        4     4.0
    bp_*          bp_miss       16    16.0


core:
    Cycles: 39.8M, Retired: 36.1M, Empty: 3.7M, IPC: 0.907 
icache:
    Ref: 36.1M, H: 36.1M, M: 11.0, HR: 100.00%, MPKI: 0.00 
dcache:
    Ref: 17.3M, H: 17.3M, M: 4.0, HR: 100.00%, MPKI: 0.00 
bpred:
    P: 100.0k, M: 16.0, ACC: 99.98%, MPKI: 0.00 