ustress_div64
IPC: 0.658
         L1        L2    cycles cycles_e
0      lost  bad_spec    529354   529.4k
1      lost     other        83     83.0
2  frontend    icache        92     92.0
3  frontend      core    800014   800.0k
4   backend    dcache         6      6.0
5   backend      core  15381955    15.4M
6  retiring   integer  32100584    32.1M
7  retiring      simd         0      0.0

Performance Counters for 'ustress_div64'
   class          counter    count count_e
  cycles           cycles 48812088   48.8M
     ret         ret_inst 32100584   32.1M
   stall           stalls 16182067   16.2M
    lost             lost   529437  529.4k
   ret_*          ret_int 32100584   32.1M
   ret_* ret_ctrl_flow_br  4180004    4.2M
   ret_*         ret_simd        0     0.0
 stall_*         stall_be 15381961   15.4M
 stall_*    stall_be_core 15381955   15.4M
 stall_*         stall_fe   800106  800.1k
 stall_*    stall_fe_core   800014  800.0k
 stall_*        stall_l1d        6     6.0
 stall_*        stall_l1i       92    92.0
bad_spec         bad_spec   529354  529.4k
   l1i_*          l1i_ref 32629997   32.6M
   l1i_*        l1i_hit # 32629976   32.6M
   l1i_*         l1i_miss       21    21.0
   l1d_*          l1d_ref   400039  400.0k
   l1d_*        l1d_hit #   400038  400.0k
   l1d_*         l1d_miss        1     1.0
    bp_*          bp_miss   264680  264.7k


core:
    Cycles: 48.8M, Retired: 32.1M, Empty: 16.7M, IPC: 0.658 
icache:
    Ref: 32.6M, H: 32.6M, M: 21.0, HR: 100.00%, MPKI: 0.00 
dcache:
    Ref: 400.0k, H: 400.0k, M: 1.0, HR: 100.00%, MPKI: 0.00 
bpred:
    P: 3.9M, M: 264.7k, ACC: 93.67%, MPKI: 8.25 