ustress_memcpy
IPC: 0.995
         L1        L2    cycles cycles_e
0      lost  bad_spec    160080   160.1k
1      lost     other        77     77.0
2  frontend    icache       333    333.0
3  frontend      core     80057    80.1k
4   backend    dcache       586    586.0
5   backend      core       145    145.0
6  retiring   integer  52242042    52.2M
7  retiring      simd         0      0.0

Performance Counters for 'ustress_memcpy'
   class          counter    count count_e
  cycles           cycles 52483320   52.5M
     ret         ret_inst 52242042   52.2M
   stall           stalls    81121   81.1k
    lost             lost   160157  160.2k
   ret_*          ret_int 52242042   52.2M
   ret_* ret_ctrl_flow_br  2840321    2.8M
   ret_*         ret_simd        0     0.0
 stall_*         stall_be      731   731.0
 stall_*    stall_be_core      145   145.0
 stall_*         stall_fe    80390   80.4k
 stall_*    stall_fe_core    80057   80.1k
 stall_*        stall_l1d      586   586.0
 stall_*        stall_l1i      333   333.0
bad_spec         bad_spec   160080  160.1k
   l1i_*          l1i_ref 52402177   52.4M
   l1i_*        l1i_hit # 52402113   52.4M
   l1i_*         l1i_miss       64    64.0
   l1d_*          l1d_ref 41001183   41.0M
   l1d_*        l1d_hit # 41001105   41.0M
   l1d_*         l1d_miss       78    78.0
    bp_*          bp_miss    80044   80.0k


core:
    Cycles: 52.5M, Retired: 52.2M, Empty: 241.3k, IPC: 0.995 
icache:
    Ref: 52.4M, H: 52.4M, M: 64.0, HR: 100.00%, MPKI: 0.00 
dcache:
    Ref: 41.0M, H: 41.0M, M: 78.0, HR: 100.00%, MPKI: 0.00 
bpred:
    P: 2.8M, M: 80.0k, ACC: 97.18%, MPKI: 1.53 