Copyright 1986-2022 Xilinx, Inc. All Rights Reserved. Copyright 2022-2023 Advanced Micro Devices, Inc. All Rights Reserved.
---------------------------------------------------------------------------------------------------------------------------------------------------------------------------------
| Tool Version : Vivado v.2023.2 (lin64) Build 4029153 Fri Oct 13 20:13:54 MDT 2023
| Date         : <date>
| Host         : <host>
| Command      : report_utilization -hierarchical -hierarchical_percentages -file <rundir>/util_routed.hier.rpt
| Design       : ama_riscv_fpga
| Device       : xc7a100tcsg324-1
| Speed File   : -1
| Design State : Physopt postRoute
---------------------------------------------------------------------------------------------------------------------------------------------------------------------------------

Utilization Design Information

Table of Contents
-----------------
1. Utilization by Hierarchy

1. Utilization by Hierarchy
---------------------------

+-------------------------------------------------------+-----------------------------------------------+---------------+---------------+------------+----------+-------------+------------+----------+------------+
|                        Instance                       |                     Module                    |   Total LUTs  |   Logic LUTs  |   LUTRAMs  |   SRLs   |     FFs     |   RAMB36   |  RAMB18  | DSP Blocks |
+-------------------------------------------------------+-----------------------------------------------+---------------+---------------+------------+----------+-------------+------------+----------+------------+
| ama_riscv_fpga                                        |                                         (top) | 13334(21.03%) | 13202(20.82%) | 132(0.69%) | 0(0.00%) | 5315(4.19%) | 44(32.59%) | 0(0.00%) |   0(0.00%) |
|   (ama_riscv_fpga)                                    |                                         (top) |      7(0.01%) |      7(0.01%) |   0(0.00%) | 0(0.00%) |   28(0.02%) |   0(0.00%) | 0(0.00%) |   0(0.00%) |
|   fpga_clk_gen_i                                      |                        ama_riscv_fpga_clk_gen |      1(0.01%) |      1(0.01%) |   0(0.00%) | 0(0.00%) |    0(0.00%) |   0(0.00%) | 0(0.00%) |   0(0.00%) |
|   top_i                                               |                                 ama_riscv_top | 13326(21.02%) | 13194(20.81%) | 132(0.69%) | 0(0.00%) | 5287(4.17%) | 44(32.59%) | 0(0.00%) |   0(0.00%) |
|     core_top_i                                        |                            ama_riscv_core_top | 13224(20.86%) | 13092(20.65%) | 132(0.69%) | 0(0.00%) | 5183(4.09%) |  12(8.89%) | 0(0.00%) |   0(0.00%) |
|       clint_i                                         |                               ama_riscv_clint |    172(0.27%) |    172(0.27%) |   0(0.00%) | 0(0.00%) |  166(0.13%) |   0(0.00%) | 0(0.00%) |   0(0.00%) |
|       core_i                                          |                                ama_riscv_core | 10801(17.04%) | 10669(16.83%) | 132(0.69%) | 0(0.00%) | 3685(2.91%) |   0(0.00%) | 0(0.00%) |   0(0.00%) |
|         (core_i)                                      |                                ama_riscv_core |   1109(1.75%) |   1109(1.75%) |   0(0.00%) | 0(0.00%) |  860(0.68%) |   0(0.00%) | 0(0.00%) |   0(0.00%) |
|         alu_i                                         |                                 ama_riscv_alu |    393(0.62%) |    393(0.62%) |   0(0.00%) | 0(0.00%) |    0(0.00%) |   0(0.00%) | 0(0.00%) |   0(0.00%) |
|           (alu_i)                                     |                                 ama_riscv_alu |    360(0.57%) |    360(0.57%) |   0(0.00%) | 0(0.00%) |    0(0.00%) |   0(0.00%) | 0(0.00%) |   0(0.00%) |
|           add_i                                       |                        add__parameterized0__1 |     32(0.05%) |     32(0.05%) |   0(0.00%) | 0(0.00%) |    0(0.00%) |   0(0.00%) | 0(0.00%) |   0(0.00%) |
|           cmp_i                                       |                                   cmp_s_lt__1 |      1(0.01%) |      1(0.01%) |   0(0.00%) | 0(0.00%) |    0(0.00%) |   0(0.00%) | 0(0.00%) |   0(0.00%) |
|         csr_i                                         |                                 ama_riscv_csr |   1251(1.97%) |   1251(1.97%) |   0(0.00%) | 0(0.00%) |  782(0.62%) |   0(0.00%) | 0(0.00%) |   0(0.00%) |
|         decoder_i                                     |                             ama_riscv_decoder |    154(0.24%) |    154(0.24%) |   0(0.00%) | 0(0.00%) |    0(0.00%) |   0(0.00%) | 0(0.00%) |   0(0.00%) |
|         div_i                                         |                                 ama_riscv_div |   1069(1.69%) |   1069(1.69%) |   0(0.00%) | 0(0.00%) |  437(0.34%) |   0(0.00%) | 0(0.00%) |   0(0.00%) |
|           (div_i)                                     |                                 ama_riscv_div |    985(1.55%) |    985(1.55%) |   0(0.00%) | 0(0.00%) |  437(0.34%) |   0(0.00%) | 0(0.00%) |   0(0.00%) |
|           clz_dividend_i                              |                                        clz__1 |     26(0.04%) |     26(0.04%) |   0(0.00%) | 0(0.00%) |    0(0.00%) |   0(0.00%) | 0(0.00%) |   0(0.00%) |
|           clz_divisor_i                               |                                           clz |     25(0.04%) |     25(0.04%) |   0(0.00%) | 0(0.00%) |    0(0.00%) |   0(0.00%) | 0(0.00%) |   0(0.00%) |
|           rem_sub_i                                   |                           add__parameterized2 |     33(0.05%) |     33(0.05%) |   0(0.00%) | 0(0.00%) |    0(0.00%) |   0(0.00%) | 0(0.00%) |   0(0.00%) |
|         dmem_agu_exe_i                                |                           add__parameterized0 |     31(0.05%) |     31(0.05%) |   0(0.00%) | 0(0.00%) |    0(0.00%) |   0(0.00%) | 0(0.00%) |   0(0.00%) |
|         fe_ctrl_i                                     |                             ama_riscv_fe_ctrl |    146(0.23%) |    146(0.23%) |   0(0.00%) | 0(0.00%) |  105(0.08%) |   0(0.00%) | 0(0.00%) |   0(0.00%) |
|         gen_bp_dyn.bp_c1_i                            |                  ama_riscv_bp__parameterized1 |    736(1.16%) |    736(1.16%) |   0(0.00%) | 0(0.00%) |  384(0.30%) |   0(0.00%) | 0(0.00%) |   0(0.00%) |
|           (gen_bp_dyn.bp_c1_i)                        |                  ama_riscv_bp__parameterized1 |      3(0.01%) |      3(0.01%) |   0(0.00%) | 0(0.00%) |    0(0.00%) |   0(0.00%) | 0(0.00%) |   0(0.00%) |
|           pht_i                                       |                 ama_riscv_pht__parameterized1 |    733(1.16%) |    733(1.16%) |   0(0.00%) | 0(0.00%) |  384(0.30%) |   0(0.00%) | 0(0.00%) |   0(0.00%) |
|         gen_bp_dyn.gen_bp_dyn_comb.bp_c2_i            |                                  ama_riscv_bp |    361(0.57%) |    361(0.57%) |   0(0.00%) | 0(0.00%) |  264(0.21%) |   0(0.00%) | 0(0.00%) |   0(0.00%) |
|           (gen_bp_dyn.gen_bp_dyn_comb.bp_c2_i)        |                                  ama_riscv_bp |      0(0.00%) |      0(0.00%) |   0(0.00%) | 0(0.00%) |    8(0.01%) |   0(0.00%) | 0(0.00%) |   0(0.00%) |
|           pht_i                                       |                                 ama_riscv_pht |    361(0.57%) |    361(0.57%) |   0(0.00%) | 0(0.00%) |  256(0.20%) |   0(0.00%) | 0(0.00%) |   0(0.00%) |
|         gen_bp_dyn.gen_bp_dyn_comb.bp_i               |                  ama_riscv_bp__parameterized0 |    218(0.34%) |    218(0.34%) |   0(0.00%) | 0(0.00%) |  258(0.20%) |   0(0.00%) | 0(0.00%) |   0(0.00%) |
|           (gen_bp_dyn.gen_bp_dyn_comb.bp_i)           |                  ama_riscv_bp__parameterized0 |      8(0.01%) |      8(0.01%) |   0(0.00%) | 0(0.00%) |    2(0.01%) |   0(0.00%) | 0(0.00%) |   0(0.00%) |
|           pht_i                                       |                 ama_riscv_pht__parameterized0 |    210(0.33%) |    210(0.33%) |   0(0.00%) | 0(0.00%) |  256(0.20%) |   0(0.00%) | 0(0.00%) |   0(0.00%) |
|         gen_data_fmt.simd_data_fmt_i                  |                       ama_riscv_simd_data_fmt |    561(0.88%) |    561(0.88%) |   0(0.00%) | 0(0.00%) |    0(0.00%) |   0(0.00%) | 0(0.00%) |   0(0.00%) |
|           (gen_data_fmt.simd_data_fmt_i)              |                       ama_riscv_simd_data_fmt |    403(0.64%) |    403(0.64%) |   0(0.00%) | 0(0.00%) |    0(0.00%) |   0(0.00%) | 0(0.00%) |   0(0.00%) |
|           sat_clamp_i                                 |                      ama_riscv_simd_sat_clamp |    160(0.25%) |    160(0.25%) |   0(0.00%) | 0(0.00%) |    0(0.00%) |   0(0.00%) | 0(0.00%) |   0(0.00%) |
|             (sat_clamp_i)                             |                      ama_riscv_simd_sat_clamp |     32(0.05%) |     32(0.05%) |   0(0.00%) | 0(0.00%) |    0(0.00%) |   0(0.00%) | 0(0.00%) |   0(0.00%) |
|             gen_SC16[0].sc_i                          |                  sat_clamp__parameterized0__1 |      7(0.01%) |      7(0.01%) |   0(0.00%) | 0(0.00%) |    0(0.00%) |   0(0.00%) | 0(0.00%) |   0(0.00%) |
|             gen_SC16[1].sc_i                          |                  sat_clamp__parameterized0__2 |      7(0.01%) |      7(0.01%) |   0(0.00%) | 0(0.00%) |    0(0.00%) |   0(0.00%) | 0(0.00%) |   0(0.00%) |
|             gen_SC16[2].sc_i                          |                  sat_clamp__parameterized0__3 |      8(0.01%) |      8(0.01%) |   0(0.00%) | 0(0.00%) |    0(0.00%) |   0(0.00%) | 0(0.00%) |   0(0.00%) |
|             gen_SC16[3].sc_i                          |                     sat_clamp__parameterized0 |      8(0.01%) |      8(0.01%) |   0(0.00%) | 0(0.00%) |    0(0.00%) |   0(0.00%) | 0(0.00%) |   0(0.00%) |
|             gen_SC32[0].sc_i                          |                                  sat_clamp__1 |     25(0.04%) |     25(0.04%) |   0(0.00%) | 0(0.00%) |    0(0.00%) |   0(0.00%) | 0(0.00%) |   0(0.00%) |
|             gen_SC32[1].sc_i                          |                                     sat_clamp |     25(0.04%) |     25(0.04%) |   0(0.00%) | 0(0.00%) |    0(0.00%) |   0(0.00%) | 0(0.00%) |   0(0.00%) |
|             gen_SC4[0].sc_i                           |                  sat_clamp__parameterized2__1 |      1(0.01%) |      1(0.01%) |   0(0.00%) | 0(0.00%) |    0(0.00%) |   0(0.00%) | 0(0.00%) |   0(0.00%) |
|             gen_SC4[10].sc_i                          |                 sat_clamp__parameterized2__11 |      1(0.01%) |      1(0.01%) |   0(0.00%) | 0(0.00%) |    0(0.00%) |   0(0.00%) | 0(0.00%) |   0(0.00%) |
|             gen_SC4[11].sc_i                          |                 sat_clamp__parameterized2__12 |      2(0.01%) |      2(0.01%) |   0(0.00%) | 0(0.00%) |    0(0.00%) |   0(0.00%) | 0(0.00%) |   0(0.00%) |
|             gen_SC4[12].sc_i                          |                 sat_clamp__parameterized2__13 |      1(0.01%) |      1(0.01%) |   0(0.00%) | 0(0.00%) |    0(0.00%) |   0(0.00%) | 0(0.00%) |   0(0.00%) |
|             gen_SC4[13].sc_i                          |                 sat_clamp__parameterized2__14 |      1(0.01%) |      1(0.01%) |   0(0.00%) | 0(0.00%) |    0(0.00%) |   0(0.00%) | 0(0.00%) |   0(0.00%) |
|             gen_SC4[14].sc_i                          |                 sat_clamp__parameterized2__15 |      1(0.01%) |      1(0.01%) |   0(0.00%) | 0(0.00%) |    0(0.00%) |   0(0.00%) | 0(0.00%) |   0(0.00%) |
|             gen_SC4[15].sc_i                          |                     sat_clamp__parameterized2 |      2(0.01%) |      2(0.01%) |   0(0.00%) | 0(0.00%) |    0(0.00%) |   0(0.00%) | 0(0.00%) |   0(0.00%) |
|             gen_SC4[1].sc_i                           |                  sat_clamp__parameterized2__2 |      1(0.01%) |      1(0.01%) |   0(0.00%) | 0(0.00%) |    0(0.00%) |   0(0.00%) | 0(0.00%) |   0(0.00%) |
|             gen_SC4[2].sc_i                           |                  sat_clamp__parameterized2__3 |      1(0.01%) |      1(0.01%) |   0(0.00%) | 0(0.00%) |    0(0.00%) |   0(0.00%) | 0(0.00%) |   0(0.00%) |
|             gen_SC4[3].sc_i                           |                  sat_clamp__parameterized2__4 |      1(0.01%) |      1(0.01%) |   0(0.00%) | 0(0.00%) |    0(0.00%) |   0(0.00%) | 0(0.00%) |   0(0.00%) |
|             gen_SC4[4].sc_i                           |                  sat_clamp__parameterized2__5 |      2(0.01%) |      2(0.01%) |   0(0.00%) | 0(0.00%) |    0(0.00%) |   0(0.00%) | 0(0.00%) |   0(0.00%) |
|             gen_SC4[5].sc_i                           |                  sat_clamp__parameterized2__6 |      2(0.01%) |      2(0.01%) |   0(0.00%) | 0(0.00%) |    0(0.00%) |   0(0.00%) | 0(0.00%) |   0(0.00%) |
|             gen_SC4[6].sc_i                           |                  sat_clamp__parameterized2__7 |      2(0.01%) |      2(0.01%) |   0(0.00%) | 0(0.00%) |    0(0.00%) |   0(0.00%) | 0(0.00%) |   0(0.00%) |
|             gen_SC4[7].sc_i                           |                  sat_clamp__parameterized2__8 |      2(0.01%) |      2(0.01%) |   0(0.00%) | 0(0.00%) |    0(0.00%) |   0(0.00%) | 0(0.00%) |   0(0.00%) |
|             gen_SC4[8].sc_i                           |                  sat_clamp__parameterized2__9 |      2(0.01%) |      2(0.01%) |   0(0.00%) | 0(0.00%) |    0(0.00%) |   0(0.00%) | 0(0.00%) |   0(0.00%) |
|             gen_SC4[9].sc_i                           |                 sat_clamp__parameterized2__10 |      1(0.01%) |      1(0.01%) |   0(0.00%) | 0(0.00%) |    0(0.00%) |   0(0.00%) | 0(0.00%) |   0(0.00%) |
|             gen_SC8[0].sc_i                           |                  sat_clamp__parameterized1__1 |      4(0.01%) |      4(0.01%) |   0(0.00%) | 0(0.00%) |    0(0.00%) |   0(0.00%) | 0(0.00%) |   0(0.00%) |
|             gen_SC8[1].sc_i                           |                  sat_clamp__parameterized1__2 |      4(0.01%) |      4(0.01%) |   0(0.00%) | 0(0.00%) |    0(0.00%) |   0(0.00%) | 0(0.00%) |   0(0.00%) |
|             gen_SC8[2].sc_i                           |                  sat_clamp__parameterized1__3 |      4(0.01%) |      4(0.01%) |   0(0.00%) | 0(0.00%) |    0(0.00%) |   0(0.00%) | 0(0.00%) |   0(0.00%) |
|             gen_SC8[3].sc_i                           |                  sat_clamp__parameterized1__4 |      4(0.01%) |      4(0.01%) |   0(0.00%) | 0(0.00%) |    0(0.00%) |   0(0.00%) | 0(0.00%) |   0(0.00%) |
|             gen_SC8[4].sc_i                           |                  sat_clamp__parameterized1__5 |      4(0.01%) |      4(0.01%) |   0(0.00%) | 0(0.00%) |    0(0.00%) |   0(0.00%) | 0(0.00%) |   0(0.00%) |
|             gen_SC8[5].sc_i                           |                  sat_clamp__parameterized1__6 |      4(0.01%) |      4(0.01%) |   0(0.00%) | 0(0.00%) |    0(0.00%) |   0(0.00%) | 0(0.00%) |   0(0.00%) |
|             gen_SC8[6].sc_i                           |                  sat_clamp__parameterized1__7 |      4(0.01%) |      4(0.01%) |   0(0.00%) | 0(0.00%) |    0(0.00%) |   0(0.00%) | 0(0.00%) |   0(0.00%) |
|             gen_SC8[7].sc_i                           |                     sat_clamp__parameterized1 |      4(0.01%) |      4(0.01%) |   0(0.00%) | 0(0.00%) |    0(0.00%) |   0(0.00%) | 0(0.00%) |   0(0.00%) |
|         gen_data_fmt.simd_shift_i                     |                          ama_riscv_simd_shift |    310(0.49%) |    310(0.49%) |   0(0.00%) | 0(0.00%) |    0(0.00%) |   0(0.00%) | 0(0.00%) |   0(0.00%) |
|           (gen_data_fmt.simd_shift_i)                 |                          ama_riscv_simd_shift |      2(0.01%) |      2(0.01%) |   0(0.00%) | 0(0.00%) |    0(0.00%) |   0(0.00%) | 0(0.00%) |   0(0.00%) |
|           shifter_left                                |              barrel_shift_seg__parameterized0 |    112(0.18%) |    112(0.18%) |   0(0.00%) | 0(0.00%) |    0(0.00%) |   0(0.00%) | 0(0.00%) |   0(0.00%) |
|           shifter_rev                                 |                              barrel_shift_seg |    196(0.31%) |    196(0.31%) |   0(0.00%) | 0(0.00%) |    0(0.00%) |   0(0.00%) | 0(0.00%) |   0(0.00%) |
|         gen_mult_simd.simd_i                          |                                ama_riscv_simd |   3994(6.30%) |   3994(6.30%) |   0(0.00%) | 0(0.00%) |  491(0.39%) |   0(0.00%) | 0(0.00%) |   0(0.00%) |
|           (gen_mult_simd.simd_i)                      |                                ama_riscv_simd |    193(0.30%) |    193(0.30%) |   0(0.00%) | 0(0.00%) |  491(0.39%) |   0(0.00%) | 0(0.00%) |   0(0.00%) |
|           add_mul_hsu_i                               |                           add__parameterized1 |     61(0.10%) |     61(0.10%) |   0(0.00%) | 0(0.00%) |    0(0.00%) |   0(0.00%) | 0(0.00%) |   0(0.00%) |
|           add_tree_sum_i                              |                        add__parameterized1__1 |     62(0.10%) |     62(0.10%) |   0(0.00%) | 0(0.00%) |    0(0.00%) |   0(0.00%) | 0(0.00%) |   0(0.00%) |
|           csa_mul_hsu_i                               |                           csa__parameterized1 |     62(0.10%) |     62(0.10%) |   0(0.00%) | 0(0.00%) |    0(0.00%) |   0(0.00%) | 0(0.00%) |   0(0.00%) |
|           csa_sum_mbw_i                               |                        csa__parameterized1__3 |     63(0.10%) |     63(0.10%) |   0(0.00%) | 0(0.00%) |    0(0.00%) |   0(0.00%) | 0(0.00%) |   0(0.00%) |
|           csa_tree_8_f_i                              |     ama_riscv_simd_csa_tree_8__parameterized0 |    481(0.76%) |    481(0.76%) |   0(0.00%) | 0(0.00%) |    0(0.00%) |   0(0.00%) | 0(0.00%) |   0(0.00%) |
|             (csa_tree_8_f_i)                          |     ama_riscv_simd_csa_tree_8__parameterized0 |    172(0.27%) |    172(0.27%) |   0(0.00%) | 0(0.00%) |    0(0.00%) |   0(0.00%) | 0(0.00%) |   0(0.00%) |
|             csa_tree_4_bot_i                          |                                 csa_tree_4__3 |    116(0.18%) |    116(0.18%) |   0(0.00%) | 0(0.00%) |    0(0.00%) |   0(0.00%) | 0(0.00%) |   0(0.00%) |
|               csa_i_l0_0                              |                        csa__parameterized1__9 |     51(0.08%) |     51(0.08%) |   0(0.00%) | 0(0.00%) |    0(0.00%) |   0(0.00%) | 0(0.00%) |   0(0.00%) |
|               csa_i_l1_0                              |                        csa__parameterized1__8 |     65(0.10%) |     65(0.10%) |   0(0.00%) | 0(0.00%) |    0(0.00%) |   0(0.00%) | 0(0.00%) |   0(0.00%) |
|             csa_tree_4_top_l_i                        |                                 csa_tree_4__1 |    105(0.17%) |    105(0.17%) |   0(0.00%) | 0(0.00%) |    0(0.00%) |   0(0.00%) | 0(0.00%) |   0(0.00%) |
|               csa_i_l0_0                              |                        csa__parameterized1__5 |     47(0.07%) |     47(0.07%) |   0(0.00%) | 0(0.00%) |    0(0.00%) |   0(0.00%) | 0(0.00%) |   0(0.00%) |
|               csa_i_l1_0                              |                        csa__parameterized1__4 |     58(0.09%) |     58(0.09%) |   0(0.00%) | 0(0.00%) |    0(0.00%) |   0(0.00%) | 0(0.00%) |   0(0.00%) |
|             csa_tree_4_top_r_i                        |                                 csa_tree_4__2 |     88(0.14%) |     88(0.14%) |   0(0.00%) | 0(0.00%) |    0(0.00%) |   0(0.00%) | 0(0.00%) |   0(0.00%) |
|               csa_i_l0_0                              |                        csa__parameterized1__7 |     41(0.06%) |     41(0.06%) |   0(0.00%) | 0(0.00%) |    0(0.00%) |   0(0.00%) | 0(0.00%) |   0(0.00%) |
|               csa_i_l1_0                              |                        csa__parameterized1__6 |     47(0.07%) |     47(0.07%) |   0(0.00%) | 0(0.00%) |    0(0.00%) |   0(0.00%) | 0(0.00%) |   0(0.00%) |
|           csa_tree_8_i0                               |                  ama_riscv_simd_csa_tree_8__1 |    358(0.56%) |    358(0.56%) |   0(0.00%) | 0(0.00%) |    0(0.00%) |   0(0.00%) | 0(0.00%) |   0(0.00%) |
|             (csa_tree_8_i0)                           |                  ama_riscv_simd_csa_tree_8__1 |    110(0.17%) |    110(0.17%) |   0(0.00%) | 0(0.00%) |    0(0.00%) |   0(0.00%) | 0(0.00%) |   0(0.00%) |
|             csa_tree_4_bot_i                          |                                 csa_tree_4__6 |    113(0.18%) |    113(0.18%) |   0(0.00%) | 0(0.00%) |    0(0.00%) |   0(0.00%) | 0(0.00%) |   0(0.00%) |
|               csa_i_l0_0                              |                       csa__parameterized1__15 |     35(0.06%) |     35(0.06%) |   0(0.00%) | 0(0.00%) |    0(0.00%) |   0(0.00%) | 0(0.00%) |   0(0.00%) |
|               csa_i_l1_0                              |                       csa__parameterized1__14 |     78(0.12%) |     78(0.12%) |   0(0.00%) | 0(0.00%) |    0(0.00%) |   0(0.00%) | 0(0.00%) |   0(0.00%) |
|             csa_tree_4_top_l_i                        |                                 csa_tree_4__8 |     68(0.11%) |     68(0.11%) |   0(0.00%) | 0(0.00%) |    0(0.00%) |   0(0.00%) | 0(0.00%) |   0(0.00%) |
|               csa_i_l0_0                              |                       csa__parameterized1__19 |     33(0.05%) |     33(0.05%) |   0(0.00%) | 0(0.00%) |    0(0.00%) |   0(0.00%) | 0(0.00%) |   0(0.00%) |
|               csa_i_l1_0                              |                       csa__parameterized1__18 |     35(0.06%) |     35(0.06%) |   0(0.00%) | 0(0.00%) |    0(0.00%) |   0(0.00%) | 0(0.00%) |   0(0.00%) |
|             csa_tree_4_top_r_i                        |                                 csa_tree_4__7 |     67(0.11%) |     67(0.11%) |   0(0.00%) | 0(0.00%) |    0(0.00%) |   0(0.00%) | 0(0.00%) |   0(0.00%) |
|               csa_i_l0_0                              |                       csa__parameterized1__17 |     33(0.05%) |     33(0.05%) |   0(0.00%) | 0(0.00%) |    0(0.00%) |   0(0.00%) | 0(0.00%) |   0(0.00%) |
|               csa_i_l1_0                              |                       csa__parameterized1__16 |     34(0.05%) |     34(0.05%) |   0(0.00%) | 0(0.00%) |    0(0.00%) |   0(0.00%) | 0(0.00%) |   0(0.00%) |
|           csa_tree_8_i1                               |                  ama_riscv_simd_csa_tree_8__2 |    377(0.59%) |    377(0.59%) |   0(0.00%) | 0(0.00%) |    0(0.00%) |   0(0.00%) | 0(0.00%) |   0(0.00%) |
|             (csa_tree_8_i1)                           |                  ama_riscv_simd_csa_tree_8__2 |    118(0.19%) |    118(0.19%) |   0(0.00%) | 0(0.00%) |    0(0.00%) |   0(0.00%) | 0(0.00%) |   0(0.00%) |
|             csa_tree_4_bot_i                          |                                 csa_tree_4__9 |    123(0.19%) |    123(0.19%) |   0(0.00%) | 0(0.00%) |    0(0.00%) |   0(0.00%) | 0(0.00%) |   0(0.00%) |
|               csa_i_l0_0                              |                       csa__parameterized1__21 |     37(0.06%) |     37(0.06%) |   0(0.00%) | 0(0.00%) |    0(0.00%) |   0(0.00%) | 0(0.00%) |   0(0.00%) |
|               csa_i_l1_0                              |                       csa__parameterized1__20 |     86(0.14%) |     86(0.14%) |   0(0.00%) | 0(0.00%) |    0(0.00%) |   0(0.00%) | 0(0.00%) |   0(0.00%) |
|             csa_tree_4_top_l_i                        |                                csa_tree_4__11 |     68(0.11%) |     68(0.11%) |   0(0.00%) | 0(0.00%) |    0(0.00%) |   0(0.00%) | 0(0.00%) |   0(0.00%) |
|               csa_i_l0_0                              |                       csa__parameterized1__25 |     33(0.05%) |     33(0.05%) |   0(0.00%) | 0(0.00%) |    0(0.00%) |   0(0.00%) | 0(0.00%) |   0(0.00%) |
|               csa_i_l1_0                              |                       csa__parameterized1__24 |     35(0.06%) |     35(0.06%) |   0(0.00%) | 0(0.00%) |    0(0.00%) |   0(0.00%) | 0(0.00%) |   0(0.00%) |
|             csa_tree_4_top_r_i                        |                                csa_tree_4__10 |     68(0.11%) |     68(0.11%) |   0(0.00%) | 0(0.00%) |    0(0.00%) |   0(0.00%) | 0(0.00%) |   0(0.00%) |
|               csa_i_l0_0                              |                       csa__parameterized1__23 |     33(0.05%) |     33(0.05%) |   0(0.00%) | 0(0.00%) |    0(0.00%) |   0(0.00%) | 0(0.00%) |   0(0.00%) |
|               csa_i_l1_0                              |                       csa__parameterized1__22 |     35(0.06%) |     35(0.06%) |   0(0.00%) | 0(0.00%) |    0(0.00%) |   0(0.00%) | 0(0.00%) |   0(0.00%) |
|           csa_tree_8_i2                               |                  ama_riscv_simd_csa_tree_8__3 |    377(0.59%) |    377(0.59%) |   0(0.00%) | 0(0.00%) |    0(0.00%) |   0(0.00%) | 0(0.00%) |   0(0.00%) |
|             (csa_tree_8_i2)                           |                  ama_riscv_simd_csa_tree_8__3 |    118(0.19%) |    118(0.19%) |   0(0.00%) | 0(0.00%) |    0(0.00%) |   0(0.00%) | 0(0.00%) |   0(0.00%) |
|             csa_tree_4_bot_i                          |                                csa_tree_4__12 |    123(0.19%) |    123(0.19%) |   0(0.00%) | 0(0.00%) |    0(0.00%) |   0(0.00%) | 0(0.00%) |   0(0.00%) |
|               csa_i_l0_0                              |                       csa__parameterized1__27 |     37(0.06%) |     37(0.06%) |   0(0.00%) | 0(0.00%) |    0(0.00%) |   0(0.00%) | 0(0.00%) |   0(0.00%) |
|               csa_i_l1_0                              |                       csa__parameterized1__26 |     86(0.14%) |     86(0.14%) |   0(0.00%) | 0(0.00%) |    0(0.00%) |   0(0.00%) | 0(0.00%) |   0(0.00%) |
|             csa_tree_4_top_l_i                        |                                csa_tree_4__14 |     68(0.11%) |     68(0.11%) |   0(0.00%) | 0(0.00%) |    0(0.00%) |   0(0.00%) | 0(0.00%) |   0(0.00%) |
|               csa_i_l0_0                              |                       csa__parameterized1__31 |     33(0.05%) |     33(0.05%) |   0(0.00%) | 0(0.00%) |    0(0.00%) |   0(0.00%) | 0(0.00%) |   0(0.00%) |
|               csa_i_l1_0                              |                       csa__parameterized1__30 |     35(0.06%) |     35(0.06%) |   0(0.00%) | 0(0.00%) |    0(0.00%) |   0(0.00%) | 0(0.00%) |   0(0.00%) |
|             csa_tree_4_top_r_i                        |                                csa_tree_4__13 |     68(0.11%) |     68(0.11%) |   0(0.00%) | 0(0.00%) |    0(0.00%) |   0(0.00%) | 0(0.00%) |   0(0.00%) |
|               csa_i_l0_0                              |                       csa__parameterized1__29 |     33(0.05%) |     33(0.05%) |   0(0.00%) | 0(0.00%) |    0(0.00%) |   0(0.00%) | 0(0.00%) |   0(0.00%) |
|               csa_i_l1_0                              |                       csa__parameterized1__28 |     35(0.06%) |     35(0.06%) |   0(0.00%) | 0(0.00%) |    0(0.00%) |   0(0.00%) | 0(0.00%) |   0(0.00%) |
|           csa_tree_8_i3                               |                     ama_riscv_simd_csa_tree_8 |    379(0.60%) |    379(0.60%) |   0(0.00%) | 0(0.00%) |    0(0.00%) |   0(0.00%) | 0(0.00%) |   0(0.00%) |
|             (csa_tree_8_i3)                           |                     ama_riscv_simd_csa_tree_8 |    120(0.19%) |    120(0.19%) |   0(0.00%) | 0(0.00%) |    0(0.00%) |   0(0.00%) | 0(0.00%) |   0(0.00%) |
|             csa_tree_4_bot_i                          |                                    csa_tree_4 |    123(0.19%) |    123(0.19%) |   0(0.00%) | 0(0.00%) |    0(0.00%) |   0(0.00%) | 0(0.00%) |   0(0.00%) |
|               csa_i_l0_0                              |                        csa__parameterized1__1 |     37(0.06%) |     37(0.06%) |   0(0.00%) | 0(0.00%) |    0(0.00%) |   0(0.00%) | 0(0.00%) |   0(0.00%) |
|               csa_i_l1_0                              |                        csa__parameterized1__2 |     86(0.14%) |     86(0.14%) |   0(0.00%) | 0(0.00%) |    0(0.00%) |   0(0.00%) | 0(0.00%) |   0(0.00%) |
|             csa_tree_4_top_l_i                        |                                 csa_tree_4__4 |     68(0.11%) |     68(0.11%) |   0(0.00%) | 0(0.00%) |    0(0.00%) |   0(0.00%) | 0(0.00%) |   0(0.00%) |
|               csa_i_l0_0                              |                       csa__parameterized1__11 |     33(0.05%) |     33(0.05%) |   0(0.00%) | 0(0.00%) |    0(0.00%) |   0(0.00%) | 0(0.00%) |   0(0.00%) |
|               csa_i_l1_0                              |                       csa__parameterized1__10 |     35(0.06%) |     35(0.06%) |   0(0.00%) | 0(0.00%) |    0(0.00%) |   0(0.00%) | 0(0.00%) |   0(0.00%) |
|             csa_tree_4_top_r_i                        |                                 csa_tree_4__5 |     68(0.11%) |     68(0.11%) |   0(0.00%) | 0(0.00%) |    0(0.00%) |   0(0.00%) | 0(0.00%) |   0(0.00%) |
|               csa_i_l0_0                              |                       csa__parameterized1__13 |     33(0.05%) |     33(0.05%) |   0(0.00%) | 0(0.00%) |    0(0.00%) |   0(0.00%) | 0(0.00%) |   0(0.00%) |
|               csa_i_l1_0                              |                       csa__parameterized1__12 |     35(0.06%) |     35(0.06%) |   0(0.00%) | 0(0.00%) |    0(0.00%) |   0(0.00%) | 0(0.00%) |   0(0.00%) |
|           gen_backend_simd.add_dot_out_i              |                        add__parameterized0__3 |     31(0.05%) |     31(0.05%) |   0(0.00%) | 0(0.00%) |    0(0.00%) |   0(0.00%) | 0(0.00%) |   0(0.00%) |
|           gen_backend_simd.gen_lane_b[0].lane_b_i     |                 ama_riscv_simd_lane_wrapup__1 |    104(0.16%) |    104(0.16%) |   0(0.00%) | 0(0.00%) |    0(0.00%) |   0(0.00%) | 0(0.00%) |   0(0.00%) |
|             (gen_backend_simd.gen_lane_b[0].lane_b_i) |                 ama_riscv_simd_lane_wrapup__1 |     65(0.10%) |     65(0.10%) |   0(0.00%) | 0(0.00%) |    0(0.00%) |   0(0.00%) | 0(0.00%) |   0(0.00%) |
|             add_i                                     |                                        add__1 |     16(0.03%) |     16(0.03%) |   0(0.00%) | 0(0.00%) |    0(0.00%) |   0(0.00%) | 0(0.00%) |   0(0.00%) |
|             cmp_i                                     |                                   cmp_s_lt__4 |      1(0.01%) |      1(0.01%) |   0(0.00%) | 0(0.00%) |    0(0.00%) |   0(0.00%) | 0(0.00%) |   0(0.00%) |
|             csa_i                                     |                                        csa__1 |     15(0.02%) |     15(0.02%) |   0(0.00%) | 0(0.00%) |    0(0.00%) |   0(0.00%) | 0(0.00%) |   0(0.00%) |
|             qs_i                                      |                              sat_s_add_sub__1 |      6(0.01%) |      6(0.01%) |   0(0.00%) | 0(0.00%) |    0(0.00%) |   0(0.00%) | 0(0.00%) |   0(0.00%) |
|             qu_i                                      |                              sat_u_add_sub__1 |      6(0.01%) |      6(0.01%) |   0(0.00%) | 0(0.00%) |    0(0.00%) |   0(0.00%) | 0(0.00%) |   0(0.00%) |
|           gen_backend_simd.gen_lane_b[1].lane_b_i     |                 ama_riscv_simd_lane_wrapup__2 |    107(0.17%) |    107(0.17%) |   0(0.00%) | 0(0.00%) |    0(0.00%) |   0(0.00%) | 0(0.00%) |   0(0.00%) |
|             (gen_backend_simd.gen_lane_b[1].lane_b_i) |                 ama_riscv_simd_lane_wrapup__2 |     65(0.10%) |     65(0.10%) |   0(0.00%) | 0(0.00%) |    0(0.00%) |   0(0.00%) | 0(0.00%) |   0(0.00%) |
|             add_i                                     |                                        add__2 |     16(0.03%) |     16(0.03%) |   0(0.00%) | 0(0.00%) |    0(0.00%) |   0(0.00%) | 0(0.00%) |   0(0.00%) |
|             cmp_i                                     |                                   cmp_s_lt__5 |      1(0.01%) |      1(0.01%) |   0(0.00%) | 0(0.00%) |    0(0.00%) |   0(0.00%) | 0(0.00%) |   0(0.00%) |
|             csa_i                                     |                                        csa__2 |     17(0.03%) |     17(0.03%) |   0(0.00%) | 0(0.00%) |    0(0.00%) |   0(0.00%) | 0(0.00%) |   0(0.00%) |
|             qs_i                                      |                              sat_s_add_sub__2 |      6(0.01%) |      6(0.01%) |   0(0.00%) | 0(0.00%) |    0(0.00%) |   0(0.00%) | 0(0.00%) |   0(0.00%) |
|             qu_i                                      |                              sat_u_add_sub__2 |      7(0.01%) |      7(0.01%) |   0(0.00%) | 0(0.00%) |    0(0.00%) |   0(0.00%) | 0(0.00%) |   0(0.00%) |
|           gen_backend_simd.gen_lane_b[2].lane_b_i     |                 ama_riscv_simd_lane_wrapup__3 |    106(0.17%) |    106(0.17%) |   0(0.00%) | 0(0.00%) |    0(0.00%) |   0(0.00%) | 0(0.00%) |   0(0.00%) |
|             (gen_backend_simd.gen_lane_b[2].lane_b_i) |                 ama_riscv_simd_lane_wrapup__3 |     66(0.10%) |     66(0.10%) |   0(0.00%) | 0(0.00%) |    0(0.00%) |   0(0.00%) | 0(0.00%) |   0(0.00%) |
|             add_i                                     |                                        add__3 |     16(0.03%) |     16(0.03%) |   0(0.00%) | 0(0.00%) |    0(0.00%) |   0(0.00%) | 0(0.00%) |   0(0.00%) |
|             cmp_i                                     |                                   cmp_s_lt__6 |      1(0.01%) |      1(0.01%) |   0(0.00%) | 0(0.00%) |    0(0.00%) |   0(0.00%) | 0(0.00%) |   0(0.00%) |
|             csa_i                                     |                                        csa__3 |     16(0.03%) |     16(0.03%) |   0(0.00%) | 0(0.00%) |    0(0.00%) |   0(0.00%) | 0(0.00%) |   0(0.00%) |
|             qs_i                                      |                              sat_s_add_sub__3 |      5(0.01%) |      5(0.01%) |   0(0.00%) | 0(0.00%) |    0(0.00%) |   0(0.00%) | 0(0.00%) |   0(0.00%) |
|             qu_i                                      |                              sat_u_add_sub__3 |      5(0.01%) |      5(0.01%) |   0(0.00%) | 0(0.00%) |    0(0.00%) |   0(0.00%) | 0(0.00%) |   0(0.00%) |
|           gen_backend_simd.gen_lane_b[3].lane_b_i     |                    ama_riscv_simd_lane_wrapup |    107(0.17%) |    107(0.17%) |   0(0.00%) | 0(0.00%) |    0(0.00%) |   0(0.00%) | 0(0.00%) |   0(0.00%) |
|             (gen_backend_simd.gen_lane_b[3].lane_b_i) |                    ama_riscv_simd_lane_wrapup |     65(0.10%) |     65(0.10%) |   0(0.00%) | 0(0.00%) |    0(0.00%) |   0(0.00%) | 0(0.00%) |   0(0.00%) |
|             add_i                                     |                                           add |     16(0.03%) |     16(0.03%) |   0(0.00%) | 0(0.00%) |    0(0.00%) |   0(0.00%) | 0(0.00%) |   0(0.00%) |
|             cmp_i                                     |                                      cmp_s_lt |      1(0.01%) |      1(0.01%) |   0(0.00%) | 0(0.00%) |    0(0.00%) |   0(0.00%) | 0(0.00%) |   0(0.00%) |
|             csa_i                                     |                                           csa |     18(0.03%) |     18(0.03%) |   0(0.00%) | 0(0.00%) |    0(0.00%) |   0(0.00%) | 0(0.00%) |   0(0.00%) |
|             qs_i                                      |                                 sat_s_add_sub |      6(0.01%) |      6(0.01%) |   0(0.00%) | 0(0.00%) |    0(0.00%) |   0(0.00%) | 0(0.00%) |   0(0.00%) |
|             qu_i                                      |                                 sat_u_add_sub |      6(0.01%) |      6(0.01%) |   0(0.00%) | 0(0.00%) |    0(0.00%) |   0(0.00%) | 0(0.00%) |   0(0.00%) |
|           gen_backend_simd.gen_lane_h[0].lane_h_i     | ama_riscv_simd_lane_wrapup__parameterized0__1 |    207(0.33%) |    207(0.33%) |   0(0.00%) | 0(0.00%) |    0(0.00%) |   0(0.00%) | 0(0.00%) |   0(0.00%) |
|             (gen_backend_simd.gen_lane_h[0].lane_h_i) | ama_riscv_simd_lane_wrapup__parameterized0__1 |    125(0.20%) |    125(0.20%) |   0(0.00%) | 0(0.00%) |    0(0.00%) |   0(0.00%) | 0(0.00%) |   0(0.00%) |
|             add_i                                     |                        add__parameterized0__7 |     32(0.05%) |     32(0.05%) |   0(0.00%) | 0(0.00%) |    0(0.00%) |   0(0.00%) | 0(0.00%) |   0(0.00%) |
|             cmp_i                                     |                                   cmp_s_lt__3 |      1(0.01%) |      1(0.01%) |   0(0.00%) | 0(0.00%) |    0(0.00%) |   0(0.00%) | 0(0.00%) |   0(0.00%) |
|             csa_i                                     |                        csa__parameterized0__1 |     33(0.05%) |     33(0.05%) |   0(0.00%) | 0(0.00%) |    0(0.00%) |   0(0.00%) | 0(0.00%) |   0(0.00%) |
|             qs_i                                      |              sat_s_add_sub__parameterized0__1 |     12(0.02%) |     12(0.02%) |   0(0.00%) | 0(0.00%) |    0(0.00%) |   0(0.00%) | 0(0.00%) |   0(0.00%) |
|             qu_i                                      |              sat_u_add_sub__parameterized0__1 |     13(0.02%) |     13(0.02%) |   0(0.00%) | 0(0.00%) |    0(0.00%) |   0(0.00%) | 0(0.00%) |   0(0.00%) |
|           gen_backend_simd.gen_lane_h[1].lane_h_i     |    ama_riscv_simd_lane_wrapup__parameterized0 |    207(0.33%) |    207(0.33%) |   0(0.00%) | 0(0.00%) |    0(0.00%) |   0(0.00%) | 0(0.00%) |   0(0.00%) |
|             (gen_backend_simd.gen_lane_h[1].lane_h_i) |    ama_riscv_simd_lane_wrapup__parameterized0 |    125(0.20%) |    125(0.20%) |   0(0.00%) | 0(0.00%) |    0(0.00%) |   0(0.00%) | 0(0.00%) |   0(0.00%) |
|             add_i                                     |                        add__parameterized0__2 |     32(0.05%) |     32(0.05%) |   0(0.00%) | 0(0.00%) |    0(0.00%) |   0(0.00%) | 0(0.00%) |   0(0.00%) |
|             cmp_i                                     |                                   cmp_s_lt__2 |      1(0.01%) |      1(0.01%) |   0(0.00%) | 0(0.00%) |    0(0.00%) |   0(0.00%) | 0(0.00%) |   0(0.00%) |
|             csa_i                                     |                           csa__parameterized0 |     33(0.05%) |     33(0.05%) |   0(0.00%) | 0(0.00%) |    0(0.00%) |   0(0.00%) | 0(0.00%) |   0(0.00%) |
|             qs_i                                      |                 sat_s_add_sub__parameterized0 |     13(0.02%) |     13(0.02%) |   0(0.00%) | 0(0.00%) |    0(0.00%) |   0(0.00%) | 0(0.00%) |   0(0.00%) |
|             qu_i                                      |                 sat_u_add_sub__parameterized0 |     14(0.02%) |     14(0.02%) |   0(0.00%) | 0(0.00%) |    0(0.00%) |   0(0.00%) | 0(0.00%) |   0(0.00%) |
|           ppgen_i                                     |                          ama_riscv_simd_ppgen |    745(1.18%) |    745(1.18%) |   0(0.00%) | 0(0.00%) |    0(0.00%) |   0(0.00%) | 0(0.00%) |   0(0.00%) |
|         imm_gen_i                                     |                             ama_riscv_imm_gen |     25(0.04%) |     25(0.04%) |   0(0.00%) | 0(0.00%) |    0(0.00%) |   0(0.00%) | 0(0.00%) |   0(0.00%) |
|         operand_forwarding_i                          |                  ama_riscv_operand_forwarding |     81(0.13%) |     81(0.13%) |   0(0.00%) | 0(0.00%) |    0(0.00%) |   0(0.00%) | 0(0.00%) |   0(0.00%) |
|         pc_branch_jal_add_i                           |                        add__parameterized0__5 |     30(0.05%) |     30(0.05%) |   0(0.00%) | 0(0.00%) |    0(0.00%) |   0(0.00%) | 0(0.00%) |   0(0.00%) |
|         pc_exe_inc4_i                                 |                        add__parameterized0__6 |      0(0.00%) |      0(0.00%) |   0(0.00%) | 0(0.00%) |    0(0.00%) |   0(0.00%) | 0(0.00%) |   0(0.00%) |
|         pc_fet_inc4_i                                 |                        add__parameterized0__4 |      1(0.01%) |      1(0.01%) |   0(0.00%) | 0(0.00%) |    0(0.00%) |   0(0.00%) | 0(0.00%) |   0(0.00%) |
|         reg_file_i                                    |                            ama_riscv_reg_file |    270(0.43%) |    138(0.22%) | 132(0.69%) | 0(0.00%) |    0(0.00%) |   0(0.00%) | 0(0.00%) |   0(0.00%) |
|         trap_ctrl_i                                   |                           ama_riscv_trap_ctrl |     81(0.13%) |     81(0.13%) |   0(0.00%) | 0(0.00%) |  104(0.08%) |   0(0.00%) | 0(0.00%) |   0(0.00%) |
|       dcache_i                                        |                              ama_riscv_dcache |   1777(2.80%) |   1777(2.80%) |   0(0.00%) | 0(0.00%) |  789(0.62%) |   8(5.93%) | 0(0.00%) |   0(0.00%) |
|         (dcache_i)                                    |                              ama_riscv_dcache |   1777(2.80%) |   1777(2.80%) |   0(0.00%) | 0(0.00%) |  789(0.62%) |   0(0.00%) | 0(0.00%) |   0(0.00%) |
|         gen_bank[0].bank_i                            |                        mem__parameterized0__1 |      0(0.00%) |      0(0.00%) |   0(0.00%) | 0(0.00%) |    0(0.00%) |   2(1.48%) | 0(0.00%) |   0(0.00%) |
|         gen_bank[1].bank_i                            |                        mem__parameterized0__2 |      0(0.00%) |      0(0.00%) |   0(0.00%) | 0(0.00%) |    0(0.00%) |   2(1.48%) | 0(0.00%) |   0(0.00%) |
|         gen_bank[2].bank_i                            |                        mem__parameterized0__3 |      0(0.00%) |      0(0.00%) |   0(0.00%) | 0(0.00%) |    0(0.00%) |   2(1.48%) | 0(0.00%) |   0(0.00%) |
|         gen_bank[3].bank_i                            |                           mem__parameterized0 |      0(0.00%) |      0(0.00%) |   0(0.00%) | 0(0.00%) |    0(0.00%) |   2(1.48%) | 0(0.00%) |   0(0.00%) |
|       icache_i                                        |                              ama_riscv_icache |    475(0.75%) |    475(0.75%) |   0(0.00%) | 0(0.00%) |  543(0.43%) |   4(2.96%) | 0(0.00%) |   0(0.00%) |
|         (icache_i)                                    |                              ama_riscv_icache |    475(0.75%) |    475(0.75%) |   0(0.00%) | 0(0.00%) |  543(0.43%) |   0(0.00%) | 0(0.00%) |   0(0.00%) |
|         gen_bank[0].bank_i                            |                                        mem__1 |      0(0.00%) |      0(0.00%) |   0(0.00%) | 0(0.00%) |    0(0.00%) |   2(1.48%) | 0(0.00%) |   0(0.00%) |
|         gen_bank[1].bank_i                            |                                           mem |      0(0.00%) |      0(0.00%) |   0(0.00%) | 0(0.00%) |    0(0.00%) |   2(1.48%) | 0(0.00%) |   0(0.00%) |
|     mem_i                                             |                                 ama_riscv_mem |     29(0.05%) |     29(0.05%) |   0(0.00%) | 0(0.00%) |    2(0.01%) | 32(23.70%) | 0(0.00%) |   0(0.00%) |
|       (mem_i)                                         |                                 ama_riscv_mem |      8(0.01%) |      8(0.01%) |   0(0.00%) | 0(0.00%) |    2(0.01%) |   0(0.00%) | 0(0.00%) |   0(0.00%) |
|       u_mem                                           |                             xpm_memory_tdpram |     22(0.03%) |     22(0.03%) |   0(0.00%) | 0(0.00%) |    0(0.00%) | 32(23.70%) | 0(0.00%) |   0(0.00%) |
|         xpm_memory_base_inst                          |                               xpm_memory_base |     22(0.03%) |     22(0.03%) |   0(0.00%) | 0(0.00%) |    0(0.00%) | 32(23.70%) | 0(0.00%) |   0(0.00%) |
|     uart_i                                            |                                ama_riscv_uart |     76(0.12%) |     76(0.12%) |   0(0.00%) | 0(0.00%) |  102(0.08%) |   0(0.00%) | 0(0.00%) |   0(0.00%) |
|       (uart_i)                                        |                                ama_riscv_uart |     20(0.03%) |     20(0.03%) |   0(0.00%) | 0(0.00%) |   44(0.03%) |   0(0.00%) | 0(0.00%) |   0(0.00%) |
|       uart_i                                          |                                          uart |     56(0.09%) |     56(0.09%) |   0(0.00%) | 0(0.00%) |   58(0.05%) |   0(0.00%) | 0(0.00%) |   0(0.00%) |
|         (uart_i)                                      |                                          uart |      2(0.01%) |      2(0.01%) |   0(0.00%) | 0(0.00%) |   12(0.01%) |   0(0.00%) | 0(0.00%) |   0(0.00%) |
|         uart_rx_i                                     |                                       uart_rx |     23(0.04%) |     23(0.04%) |   0(0.00%) | 0(0.00%) |   23(0.02%) |   0(0.00%) | 0(0.00%) |   0(0.00%) |
|         uart_tx_i                                     |                                       uart_tx |     31(0.05%) |     31(0.05%) |   0(0.00%) | 0(0.00%) |   23(0.02%) |   0(0.00%) | 0(0.00%) |   0(0.00%) |
+-------------------------------------------------------+-----------------------------------------------+---------------+---------------+------------+----------+-------------+------------+----------+------------+
* Note: The sum of lower-level cells may be larger than their parent cells total, due to cross-hierarchy LUT combining
